0 info it worked if it ends with ok
1 verbose cli [ 'C:\\Program Files\\nodejs\\node.exe',
1 verbose cli   'C:\\Program Files\\nodejs\\node_modules\\npm\\bin\\npm-cli.js',
1 verbose cli   'start' ]
2 info using npm@4.1.2
3 info using node@v7.5.0
4 verbose run-script [ 'prestart', 'start', 'poststart' ]
5 info lifecycle tic-tac-toe@1.0.0~prestart: tic-tac-toe@1.0.0
6 silly lifecycle tic-tac-toe@1.0.0~prestart: no script for prestart, continuing
7 info lifecycle tic-tac-toe@1.0.0~start: tic-tac-toe@1.0.0
8 verbose lifecycle tic-tac-toe@1.0.0~start: unsafe-perm in lifecycle true
9 verbose lifecycle tic-tac-toe@1.0.0~start: PATH: C:\Program Files\nodejs\node_modules\npm\bin\node-gyp-bin;C:\Users\Ekaterina\Documents\tic-tac-toe\node_modules\.bin;C:\Users\Ekaterina\AppData\Roaming\npm;C:\Program Files\nodejs\;C:\Program Files\ActiveState Komodo Edit 10\;C:\Program Files\Broadcom\Broadcom 802.11;C:\Windows\system32;C:\Windows;C:\Windows\System32\Wbem;C:\Windows\System32\WindowsPowerShell\v1.0\;C:\Program Files\Intel\OpenCL SDK\2.0\bin\x86;C:\Program Files\Skype\Phone\;C:\Program Files\Git\cmd;C:\Program Files\Brackets\command;C:\Program Files\QuickTime\QTSystem\;C:\Program Files\nodejs\;C:\Program Files\Avest\AvPCM_SBB;C:\Users\Ekaterina\AppData\Roaming\npm
10 verbose lifecycle tic-tac-toe@1.0.0~start: CWD: C:\Users\Ekaterina\Documents\tic-tac-toe
11 silly lifecycle tic-tac-toe@1.0.0~start: Args: [ '/d /s /c', 'webpack-dev-server' ]
12 silly lifecycle tic-tac-toe@1.0.0~start: Returned: code: 1  signal: null
13 info lifecycle tic-tac-toe@1.0.0~start: Failed to exec start script
14 verbose stack Error: tic-tac-toe@1.0.0 start: `webpack-dev-server`
14 verbose stack Exit status 1
14 verbose stack     at EventEmitter.<anonymous> (C:\Program Files\nodejs\node_modules\npm\lib\utils\lifecycle.js:279:16)
14 verbose stack     at emitTwo (events.js:106:13)
14 verbose stack     at EventEmitter.emit (events.js:192:7)
14 verbose stack     at ChildProcess.<anonymous> (C:\Program Files\nodejs\node_modules\npm\lib\utils\spawn.js:40:14)
14 verbose stack     at emitTwo (events.js:106:13)
14 verbose stack     at ChildProcess.emit (events.js:192:7)
14 verbose stack     at maybeClose (internal/child_process.js:890:16)
14 verbose stack     at Process.ChildProcess._handle.onexit (internal/child_process.js:226:5)
15 verbose pkgid tic-tac-toe@1.0.0
16 verbose cwd C:\Users\Ekaterina\Documents\tic-tac-toe
17 error Windows_NT 6.1.7601
18 error argv "C:\\Program Files\\nodejs\\node.exe" "C:\\Program Files\\nodejs\\node_modules\\npm\\bin\\npm-cli.js" "start"
19 error node v7.5.0
20 error npm  v4.1.2
21 error code ELIFECYCLE
22 error tic-tac-toe@1.0.0 start: `webpack-dev-server`
22 error Exit status 1
23 error Failed at the tic-tac-toe@1.0.0 start script 'webpack-dev-server'.
23 error Make sure you have the latest version of node.js and npm installed.
23 error If you do, this is most likely a problem with the tic-tac-toe package,
23 error not with npm itself.
23 error Tell the author that this fails on your system:
23 error     webpack-dev-server
23 error You can get information on how to open an issue for this project with:
23 error     npm bugs tic-tac-toe
23 error Or if that isn't available, you can get their info via:
23 error     npm owner ls tic-tac-toe
23 error There is likely additional logging output above.
24 verbose exit [ 1, true ]
